<?xml version="1.0" encoding="UTF-8"?>
<robot generator="Robot 4.1.2 (Python 3.10.1 on win32)" generated="20211216 14:52:03.440" rpa="false" schemaversion="2">
<suite id="s1" name="Test" source="C:\Users\elenk\PycharmProjects\Robot_framework\Automation\test.robot">
<test id="s1-t1" name="Google">
<kw name="Open Browser" library="SeleniumLibrary">
<arg>https://www.google.com/</arg>
<arg>chrome</arg>
<doc>Opens a new browser instance to the optional ``url``.</doc>
<msg timestamp="20211216 14:52:03.608" level="INFO">Opening browser 'chrome' to base url 'https://www.google.com/'.</msg>
<status status="PASS" starttime="20211216 14:52:03.608" endtime="20211216 14:52:05.860"/>
</kw>
<kw name="Maximize Browser Window" library="SeleniumLibrary">
<doc>Maximizes current browser window.</doc>
<status status="PASS" starttime="20211216 14:52:05.860" endtime="20211216 14:52:05.986"/>
</kw>
<kw name="Sleep" library="BuiltIn">
<arg>10</arg>
<doc>Pauses the test executed for the given time.</doc>
<msg timestamp="20211216 14:52:15.988" level="INFO">Slept 10 seconds</msg>
<status status="PASS" starttime="20211216 14:52:05.986" endtime="20211216 14:52:15.988"/>
</kw>
<kw name="Close Browser" library="SeleniumLibrary">
<doc>Closes the current browser.</doc>
<status status="PASS" starttime="20211216 14:52:15.989" endtime="20211216 14:52:18.208"/>
</kw>
<status status="PASS" starttime="20211216 14:52:03.607" endtime="20211216 14:52:18.208"/>
</test>
<status status="PASS" starttime="20211216 14:52:03.442" endtime="20211216 14:52:18.209"/>
</suite>
<statistics>
<total>
<stat pass="1" fail="0" skip="0">All Tests</stat>
</total>
<tag>
</tag>
<suite>
<stat pass="1" fail="0" skip="0" id="s1" name="Test">Test</stat>
</suite>
</statistics>
<errors>
</errors>
</robot>
